2024-09-18 13:51:00,478 [Worker-2: Loading available Gradle versions] INFO  o.e.b.c.i.u.g.PublishedGradleVersions - Gradle version information cache is up-to-date. Trying to read.
2024-09-18 13:52:17,372 [Worker-7: Importing Maven projects] INFO  o.e.m.c.i.l.LifecycleMappingFactory - Using org.eclipse.m2e.jdt.JarLifecycleMapping lifecycle mapping for MavenProject: com.in28minutes:learn-maven:0.0.1-SNAPSHOT @ C:\aisData\in28minutesPractise\maven\learn-maven\learn-maven\pom.xml.
2024-09-18 13:52:18,528 [Worker-7: Importing Maven projects] INFO  o.e.m.j.i.AbstractJavaProjectConfigurator - Adding source folder /learn-maven/src/main/java
2024-09-18 13:52:18,531 [Worker-7: Importing Maven projects] INFO  o.e.m.j.i.AbstractJavaProjectConfigurator - Adding resource folder /learn-maven/src/main/resources
2024-09-18 13:52:18,541 [Worker-7: Importing Maven projects] INFO  o.e.m.j.i.AbstractJavaProjectConfigurator - Adding resource folder /learn-maven/src/main/resources
2024-09-18 13:52:18,546 [Worker-7: Importing Maven projects] INFO  o.e.m.j.i.AbstractJavaProjectConfigurator - Adding source folder /learn-maven/src/test/java
2024-09-18 13:52:18,547 [Worker-7: Importing Maven projects] INFO  o.e.m.j.i.AbstractJavaProjectConfigurator - Adding resource folder /learn-maven/src/test/resources
2024-09-18 13:52:19,175 [Worker-7: Importing Maven projects] INFO  o.e.m.c.i.p.ProjectConfigurationManager - Imported and configured 1 project(s) in 4 sec
2024-09-18 13:52:20,246 [Worker-6: Building] INFO  o.a.m.s.f.DefaultMavenResourcesFiltering - Copying 1 resource from src\main\resources to target\classes
2024-09-18 13:52:20,270 [Worker-6: Building] INFO  o.a.m.s.f.DefaultMavenResourcesFiltering - Copying 0 resource from src\main\resources to target\classes
2024-09-18 13:52:20,276 [Worker-6: Building] INFO  o.a.m.s.f.DefaultMavenResourcesFiltering - skip non existing resourceDirectory C:\aisData\in28minutesPractise\maven\learn-maven\learn-maven\src\test\resources
2024-09-18 19:00:46,939 [main] INFO  o.e.m2e.actions.ExecutePomAction - Creating new launch configuration
2024-09-18 19:01:19,044 [Worker-37: Launching learn-maven] INFO  o.eclipse.m2e.core.internal.Bundles - getClasspathEntries(Bundle=org.eclipse.m2e.maven.runtime_3.9.600.20231203-1234 [638])
2024-09-18 19:01:19,046 [Worker-37: Launching learn-maven] INFO  o.eclipse.m2e.core.internal.Bundles - 	Entry: C:\Users\user\Downloads\eclipse-jee-2024-03-R-win32-x86_64\eclipse\plugins\org.eclipse.m2e.maven.runtime_3.9.600.20231203-1234
2024-09-18 19:01:19,048 [Worker-37: Launching learn-maven] INFO  o.eclipse.m2e.core.internal.Bundles - 	Entry: C:\Users\user\Downloads\eclipse-jee-2024-03-R-win32-x86_64\eclipse\plugins\org.eclipse.m2e.maven.runtime_3.9.600.20231203-1234\jars\aopalliance-1.0.jar
2024-09-18 19:01:19,049 [Worker-37: Launching learn-maven] INFO  o.eclipse.m2e.core.internal.Bundles - 	Entry: C:\Users\user\Downloads\eclipse-jee-2024-03-R-win32-x86_64\eclipse\plugins\org.eclipse.m2e.maven.runtime_3.9.600.20231203-1234\jars\guice-5.1.0.jar
2024-09-18 19:01:19,049 [Worker-37: Launching learn-maven] INFO  o.eclipse.m2e.core.internal.Bundles - 	Entry: C:\Users\user\Downloads\eclipse-jee-2024-03-R-win32-x86_64\eclipse\plugins\org.eclipse.m2e.maven.runtime_3.9.600.20231203-1234\jars\httpclient-4.5.14.jar
2024-09-18 19:01:19,050 [Worker-37: Launching learn-maven] INFO  o.eclipse.m2e.core.internal.Bundles - 	Entry: C:\Users\user\Downloads\eclipse-jee-2024-03-R-win32-x86_64\eclipse\plugins\org.eclipse.m2e.maven.runtime_3.9.600.20231203-1234\jars\httpcore-4.4.16.jar
2024-09-18 19:01:19,050 [Worker-37: Launching learn-maven] INFO  o.eclipse.m2e.core.internal.Bundles - 	Entry: C:\Users\user\Downloads\eclipse-jee-2024-03-R-win32-x86_64\eclipse\plugins\org.eclipse.m2e.maven.runtime_3.9.600.20231203-1234\jars\jansi-2.4.0.jar
2024-09-18 19:01:19,050 [Worker-37: Launching learn-maven] INFO  o.eclipse.m2e.core.internal.Bundles - 	Entry: C:\Users\user\Downloads\eclipse-jee-2024-03-R-win32-x86_64\eclipse\plugins\org.eclipse.m2e.maven.runtime_3.9.600.20231203-1234\jars\jcl-over-slf4j-1.7.36.jar
2024-09-18 19:01:19,051 [Worker-37: Launching learn-maven] INFO  o.eclipse.m2e.core.internal.Bundles - 	Entry: C:\Users\user\Downloads\eclipse-jee-2024-03-R-win32-x86_64\eclipse\plugins\org.eclipse.m2e.maven.runtime_3.9.600.20231203-1234\jars\maven-artifact-3.9.6.jar
2024-09-18 19:01:19,051 [Worker-37: Launching learn-maven] INFO  o.eclipse.m2e.core.internal.Bundles - 	Entry: C:\Users\user\Downloads\eclipse-jee-2024-03-R-win32-x86_64\eclipse\plugins\org.eclipse.m2e.maven.runtime_3.9.600.20231203-1234\jars\maven-builder-support-3.9.6.jar
2024-09-18 19:01:19,051 [Worker-37: Launching learn-maven] INFO  o.eclipse.m2e.core.internal.Bundles - 	Entry: C:\Users\user\Downloads\eclipse-jee-2024-03-R-win32-x86_64\eclipse\plugins\org.eclipse.m2e.maven.runtime_3.9.600.20231203-1234\jars\maven-compat-3.9.6.jar
2024-09-18 19:01:19,051 [Worker-37: Launching learn-maven] INFO  o.eclipse.m2e.core.internal.Bundles - 	Entry: C:\Users\user\Downloads\eclipse-jee-2024-03-R-win32-x86_64\eclipse\plugins\org.eclipse.m2e.maven.runtime_3.9.600.20231203-1234\jars\maven-core-3.9.6.jar
2024-09-18 19:01:19,052 [Worker-37: Launching learn-maven] INFO  o.eclipse.m2e.core.internal.Bundles - 	Entry: C:\Users\user\Downloads\eclipse-jee-2024-03-R-win32-x86_64\eclipse\plugins\org.eclipse.m2e.maven.runtime_3.9.600.20231203-1234\jars\maven-embedder-3.9.6.jar
2024-09-18 19:01:19,052 [Worker-37: Launching learn-maven] INFO  o.eclipse.m2e.core.internal.Bundles - 	Entry: C:\Users\user\Downloads\eclipse-jee-2024-03-R-win32-x86_64\eclipse\plugins\org.eclipse.m2e.maven.runtime_3.9.600.20231203-1234\jars\maven-model-3.9.6.jar
2024-09-18 19:01:19,052 [Worker-37: Launching learn-maven] INFO  o.eclipse.m2e.core.internal.Bundles - 	Entry: C:\Users\user\Downloads\eclipse-jee-2024-03-R-win32-x86_64\eclipse\plugins\org.eclipse.m2e.maven.runtime_3.9.600.20231203-1234\jars\maven-model-builder-3.9.6.jar
2024-09-18 19:01:19,052 [Worker-37: Launching learn-maven] INFO  o.eclipse.m2e.core.internal.Bundles - 	Entry: C:\Users\user\Downloads\eclipse-jee-2024-03-R-win32-x86_64\eclipse\plugins\org.eclipse.m2e.maven.runtime_3.9.600.20231203-1234\jars\maven-plugin-api-3.9.6.jar
2024-09-18 19:01:19,052 [Worker-37: Launching learn-maven] INFO  o.eclipse.m2e.core.internal.Bundles - 	Entry: C:\Users\user\Downloads\eclipse-jee-2024-03-R-win32-x86_64\eclipse\plugins\org.eclipse.m2e.maven.runtime_3.9.600.20231203-1234\jars\maven-repository-metadata-3.9.6.jar
2024-09-18 19:01:19,054 [Worker-37: Launching learn-maven] INFO  o.eclipse.m2e.core.internal.Bundles - 	Entry: C:\Users\user\Downloads\eclipse-jee-2024-03-R-win32-x86_64\eclipse\plugins\org.eclipse.m2e.maven.runtime_3.9.600.20231203-1234\jars\maven-resolver-api-1.9.18.jar
2024-09-18 19:01:19,055 [Worker-37: Launching learn-maven] INFO  o.eclipse.m2e.core.internal.Bundles - 	Entry: C:\Users\user\Downloads\eclipse-jee-2024-03-R-win32-x86_64\eclipse\plugins\org.eclipse.m2e.maven.runtime_3.9.600.20231203-1234\jars\maven-resolver-connector-basic-1.9.18.jar
2024-09-18 19:01:19,055 [Worker-37: Launching learn-maven] INFO  o.eclipse.m2e.core.internal.Bundles - 	Entry: C:\Users\user\Downloads\eclipse-jee-2024-03-R-win32-x86_64\eclipse\plugins\org.eclipse.m2e.maven.runtime_3.9.600.20231203-1234\jars\maven-resolver-impl-1.9.18.jar
2024-09-18 19:01:19,056 [Worker-37: Launching learn-maven] INFO  o.eclipse.m2e.core.internal.Bundles - 	Entry: C:\Users\user\Downloads\eclipse-jee-2024-03-R-win32-x86_64\eclipse\plugins\org.eclipse.m2e.maven.runtime_3.9.600.20231203-1234\jars\maven-resolver-named-locks-1.9.18.jar
2024-09-18 19:01:19,057 [Worker-37: Launching learn-maven] INFO  o.eclipse.m2e.core.internal.Bundles - 	Entry: C:\Users\user\Downloads\eclipse-jee-2024-03-R-win32-x86_64\eclipse\plugins\org.eclipse.m2e.maven.runtime_3.9.600.20231203-1234\jars\maven-resolver-provider-3.9.6.jar
2024-09-18 19:01:19,058 [Worker-37: Launching learn-maven] INFO  o.eclipse.m2e.core.internal.Bundles - 	Entry: C:\Users\user\Downloads\eclipse-jee-2024-03-R-win32-x86_64\eclipse\plugins\org.eclipse.m2e.maven.runtime_3.9.600.20231203-1234\jars\maven-resolver-spi-1.9.18.jar
2024-09-18 19:01:19,058 [Worker-37: Launching learn-maven] INFO  o.eclipse.m2e.core.internal.Bundles - 	Entry: C:\Users\user\Downloads\eclipse-jee-2024-03-R-win32-x86_64\eclipse\plugins\org.eclipse.m2e.maven.runtime_3.9.600.20231203-1234\jars\maven-resolver-transport-file-1.9.18.jar
2024-09-18 19:01:19,058 [Worker-37: Launching learn-maven] INFO  o.eclipse.m2e.core.internal.Bundles - 	Entry: C:\Users\user\Downloads\eclipse-jee-2024-03-R-win32-x86_64\eclipse\plugins\org.eclipse.m2e.maven.runtime_3.9.600.20231203-1234\jars\maven-resolver-transport-http-1.9.18.jar
2024-09-18 19:01:19,059 [Worker-37: Launching learn-maven] INFO  o.eclipse.m2e.core.internal.Bundles - 	Entry: C:\Users\user\Downloads\eclipse-jee-2024-03-R-win32-x86_64\eclipse\plugins\org.eclipse.m2e.maven.runtime_3.9.600.20231203-1234\jars\maven-resolver-transport-wagon-1.9.18.jar
2024-09-18 19:01:19,059 [Worker-37: Launching learn-maven] INFO  o.eclipse.m2e.core.internal.Bundles - 	Entry: C:\Users\user\Downloads\eclipse-jee-2024-03-R-win32-x86_64\eclipse\plugins\org.eclipse.m2e.maven.runtime_3.9.600.20231203-1234\jars\maven-resolver-util-1.9.18.jar
2024-09-18 19:01:19,059 [Worker-37: Launching learn-maven] INFO  o.eclipse.m2e.core.internal.Bundles - 	Entry: C:\Users\user\Downloads\eclipse-jee-2024-03-R-win32-x86_64\eclipse\plugins\org.eclipse.m2e.maven.runtime_3.9.600.20231203-1234\jars\maven-settings-3.9.6.jar
2024-09-18 19:01:19,060 [Worker-37: Launching learn-maven] INFO  o.eclipse.m2e.core.internal.Bundles - 	Entry: C:\Users\user\Downloads\eclipse-jee-2024-03-R-win32-x86_64\eclipse\plugins\org.eclipse.m2e.maven.runtime_3.9.600.20231203-1234\jars\maven-settings-builder-3.9.6.jar
2024-09-18 19:01:19,060 [Worker-37: Launching learn-maven] INFO  o.eclipse.m2e.core.internal.Bundles - 	Entry: C:\Users\user\Downloads\eclipse-jee-2024-03-R-win32-x86_64\eclipse\plugins\org.eclipse.m2e.maven.runtime_3.9.600.20231203-1234\jars\maven-shared-utils-3.3.4.jar
2024-09-18 19:01:19,060 [Worker-37: Launching learn-maven] INFO  o.eclipse.m2e.core.internal.Bundles - 	Entry: C:\Users\user\Downloads\eclipse-jee-2024-03-R-win32-x86_64\eclipse\plugins\org.eclipse.m2e.maven.runtime_3.9.600.20231203-1234\jars\org.eclipse.sisu.inject-0.9.0.M2.jar
2024-09-18 19:01:19,061 [Worker-37: Launching learn-maven] INFO  o.eclipse.m2e.core.internal.Bundles - 	Entry: C:\Users\user\Downloads\eclipse-jee-2024-03-R-win32-x86_64\eclipse\plugins\org.eclipse.m2e.maven.runtime_3.9.600.20231203-1234\jars\org.eclipse.sisu.plexus-0.9.0.M2.jar
2024-09-18 19:01:19,061 [Worker-37: Launching learn-maven] INFO  o.eclipse.m2e.core.internal.Bundles - 	Entry: C:\Users\user\Downloads\eclipse-jee-2024-03-R-win32-x86_64\eclipse\plugins\org.eclipse.m2e.maven.runtime_3.9.600.20231203-1234\jars\plexus-build-api-0.0.7.jar
2024-09-18 19:01:19,062 [Worker-37: Launching learn-maven] INFO  o.eclipse.m2e.core.internal.Bundles - 	Entry: C:\Users\user\Downloads\eclipse-jee-2024-03-R-win32-x86_64\eclipse\plugins\org.eclipse.m2e.maven.runtime_3.9.600.20231203-1234\jars\plexus-cipher-2.0.jar
2024-09-18 19:01:19,063 [Worker-37: Launching learn-maven] INFO  o.eclipse.m2e.core.internal.Bundles - 	Entry: C:\Users\user\Downloads\eclipse-jee-2024-03-R-win32-x86_64\eclipse\plugins\org.eclipse.m2e.maven.runtime_3.9.600.20231203-1234\jars\plexus-classworlds-2.7.0.jar
2024-09-18 19:01:19,063 [Worker-37: Launching learn-maven] INFO  o.eclipse.m2e.core.internal.Bundles - 	Entry: C:\Users\user\Downloads\eclipse-jee-2024-03-R-win32-x86_64\eclipse\plugins\org.eclipse.m2e.maven.runtime_3.9.600.20231203-1234\jars\plexus-component-annotations-2.1.0.jar
2024-09-18 19:01:19,064 [Worker-37: Launching learn-maven] INFO  o.eclipse.m2e.core.internal.Bundles - 	Entry: C:\Users\user\Downloads\eclipse-jee-2024-03-R-win32-x86_64\eclipse\plugins\org.eclipse.m2e.maven.runtime_3.9.600.20231203-1234\jars\plexus-interpolation-1.26.jar
2024-09-18 19:01:19,064 [Worker-37: Launching learn-maven] INFO  o.eclipse.m2e.core.internal.Bundles - 	Entry: C:\Users\user\Downloads\eclipse-jee-2024-03-R-win32-x86_64\eclipse\plugins\org.eclipse.m2e.maven.runtime_3.9.600.20231203-1234\jars\plexus-sec-dispatcher-2.0.jar
2024-09-18 19:01:19,064 [Worker-37: Launching learn-maven] INFO  o.eclipse.m2e.core.internal.Bundles - 	Entry: C:\Users\user\Downloads\eclipse-jee-2024-03-R-win32-x86_64\eclipse\plugins\org.eclipse.m2e.maven.runtime_3.9.600.20231203-1234\jars\plexus-utils-3.5.1.jar
2024-09-18 19:01:19,065 [Worker-37: Launching learn-maven] INFO  o.eclipse.m2e.core.internal.Bundles - 	Entry: C:\Users\user\Downloads\eclipse-jee-2024-03-R-win32-x86_64\eclipse\plugins\org.eclipse.m2e.maven.runtime_3.9.600.20231203-1234\jars\wagon-file-3.5.3.jar
2024-09-18 19:01:19,065 [Worker-37: Launching learn-maven] INFO  o.eclipse.m2e.core.internal.Bundles - 	Entry: C:\Users\user\Downloads\eclipse-jee-2024-03-R-win32-x86_64\eclipse\plugins\org.eclipse.m2e.maven.runtime_3.9.600.20231203-1234\jars\wagon-http-3.5.3.jar
2024-09-18 19:01:19,065 [Worker-37: Launching learn-maven] INFO  o.eclipse.m2e.core.internal.Bundles - 	Entry: C:\Users\user\Downloads\eclipse-jee-2024-03-R-win32-x86_64\eclipse\plugins\org.eclipse.m2e.maven.runtime_3.9.600.20231203-1234\jars\wagon-http-shared-3.5.3.jar
2024-09-18 19:01:19,066 [Worker-37: Launching learn-maven] INFO  o.eclipse.m2e.core.internal.Bundles - 	Entry: C:\Users\user\Downloads\eclipse-jee-2024-03-R-win32-x86_64\eclipse\plugins\org.eclipse.m2e.maven.runtime_3.9.600.20231203-1234\jars\wagon-provider-api-3.5.3.jar
2024-09-18 19:01:19,070 [Worker-37: Launching learn-maven] INFO  o.eclipse.m2e.core.internal.Bundles - getClasspathEntries(Bundle=com.google.guava_33.0.0.jre [14])
2024-09-18 19:01:19,073 [Worker-37: Launching learn-maven] INFO  o.eclipse.m2e.core.internal.Bundles - 	Entry: C:\Users\user\Downloads\eclipse-jee-2024-03-R-win32-x86_64\eclipse\plugins\com.google.guava_33.0.0.jre.jar
2024-09-18 19:01:19,073 [Worker-37: Launching learn-maven] INFO  o.eclipse.m2e.core.internal.Bundles - getClasspathEntries(Bundle=slf4j.api_2.0.12 [1001])
2024-09-18 19:01:19,075 [Worker-37: Launching learn-maven] INFO  o.eclipse.m2e.core.internal.Bundles - 	Entry: C:\Users\user\Downloads\eclipse-jee-2024-03-R-win32-x86_64\eclipse\plugins\slf4j.api_2.0.12.jar
2024-09-18 19:01:19,075 [Worker-37: Launching learn-maven] INFO  o.eclipse.m2e.core.internal.Bundles - getClasspathEntries(Bundle=jakarta.inject.jakarta.inject-api_1.0.5 [32])
2024-09-18 19:01:19,075 [Worker-37: Launching learn-maven] INFO  o.eclipse.m2e.core.internal.Bundles - 	Entry: C:\Users\user\Downloads\eclipse-jee-2024-03-R-win32-x86_64\eclipse\plugins\jakarta.inject.jakarta.inject-api_1.0.5.jar
2024-09-18 19:01:19,076 [Worker-37: Launching learn-maven] INFO  o.eclipse.m2e.core.internal.Bundles - getClasspathEntries(Bundle=jakarta.annotation-api_1.3.5 [27])
2024-09-18 19:01:19,078 [Worker-37: Launching learn-maven] INFO  o.eclipse.m2e.core.internal.Bundles - 	Entry: C:\Users\user\Downloads\eclipse-jee-2024-03-R-win32-x86_64\eclipse\plugins\jakarta.annotation-api_1.3.5.jar
2024-09-18 19:01:19,078 [Worker-37: Launching learn-maven] INFO  o.eclipse.m2e.core.internal.Bundles - getClasspathEntries(Bundle=org.apache.commons.cli_1.6.0 [75])
2024-09-18 19:01:19,080 [Worker-37: Launching learn-maven] INFO  o.eclipse.m2e.core.internal.Bundles - 	Entry: C:\Users\user\Downloads\eclipse-jee-2024-03-R-win32-x86_64\eclipse\plugins\org.apache.commons.cli_1.6.0.jar
2024-09-18 19:01:19,080 [Worker-37: Launching learn-maven] INFO  o.eclipse.m2e.core.internal.Bundles - getClasspathEntries(Bundle=org.apache.commons.commons-codec_1.16.0 [78])
2024-09-18 19:01:19,081 [Worker-37: Launching learn-maven] INFO  o.eclipse.m2e.core.internal.Bundles - 	Entry: C:\Users\user\Downloads\eclipse-jee-2024-03-R-win32-x86_64\eclipse\plugins\org.apache.commons.commons-codec_1.16.0.jar
2024-09-18 19:01:19,081 [Worker-37: Launching learn-maven] INFO  o.eclipse.m2e.core.internal.Bundles - getClasspathEntries(Bundle=org.apache.commons.lang3_3.14.0 [86])
2024-09-18 19:01:19,082 [Worker-37: Launching learn-maven] INFO  o.eclipse.m2e.core.internal.Bundles - 	Entry: C:\Users\user\Downloads\eclipse-jee-2024-03-R-win32-x86_64\eclipse\plugins\org.apache.commons.lang3_3.14.0.jar
2024-09-18 19:01:19,083 [Worker-37: Launching learn-maven] INFO  o.eclipse.m2e.core.internal.Bundles - getClasspathEntries(Bundle=com.google.guava.failureaccess_1.0.2 [15])
2024-09-18 19:01:19,084 [Worker-37: Launching learn-maven] INFO  o.eclipse.m2e.core.internal.Bundles - 	Entry: C:\Users\user\Downloads\eclipse-jee-2024-03-R-win32-x86_64\eclipse\plugins\com.google.guava.failureaccess_1.0.2.jar
2024-09-18 19:01:19,088 [Worker-37: Launching learn-maven] INFO  o.e.m.i.launch.MavenLaunchDelegate - Run build in "C:\aisData\in28minutesPractise\maven\learn-maven\learn-maven":
2024-09-18 19:01:19,098 [Worker-37: Launching learn-maven] INFO  o.e.m.i.launch.MavenLaunchDelegate -  mvn  -B -Dstyle.color=always help:effective-pom
2024-09-18 22:06:19,361 [Worker-4: Loading available Gradle versions] INFO  o.e.b.c.i.u.g.PublishedGradleVersions - Gradle version information cache is up-to-date. Trying to read.
